0 info it worked if it ends with ok
1 verbose cli [ 'node', '/usr/local/bin/npm', 'install', '[express]', '--save' ]
2 info using npm@2.1.7
3 info using node@v0.10.33
4 verbose node symlink /usr/local/bin/node
5 warn package.json expSenseDO@1.0.0 No README data
6 silly cache add args [ '[express]', null ]
7 verbose cache add spec [express]
8 silly cache add parsed spec { raw: '[express]',
8 silly cache add   scope: null,
8 silly cache add   name: null,
8 silly cache add   rawSpec: '[express]',
8 silly cache add   spec: '/Users/kylehogan/expSenseDO/[express]',
8 silly cache add   type: 'local' }
9 error addLocal Could not install /Users/kylehogan/expSenseDO/[express]
10 verbose stack Error: ENOENT, open '/Users/kylehogan/expSenseDO/[express]'
11 verbose cwd /Users/kylehogan/expSenseDO
12 error Darwin 14.0.0
13 error argv "node" "/usr/local/bin/npm" "install" "[express]" "--save"
14 error node v0.10.33
15 error npm  v2.1.7
16 error path /Users/kylehogan/expSenseDO/[express]
17 error code ENOENT
18 error errno 34
19 error ENOENT, open '/Users/kylehogan/expSenseDO/[express]'
20 error If you need help, you may report this error at:
20 error     <http://github.com/npm/npm/issues>
21 verbose exit [ 34, true ]
